{"C:\\Users\\kuros\\local_dev\\full-stack-basic\\mysql-express-react-nodejs-auth\\backend\\index.js": {"path":"C:\\Users\\kuros\\local_dev\\full-stack-basic\\mysql-express-react-nodejs-auth\\backend\\index.js","statementMap":{"0":{"start":{"line":6,"column":0},"end":{"line":6,"column":16}},"1":{"start":{"line":11,"column":19},"end":{"line":11,"column":28}},"2":{"start":{"line":13,"column":0},"end":{"line":13,"column":24}},"3":{"start":{"line":14,"column":0},"end":{"line":14,"column":48}},"4":{"start":{"line":16,"column":0},"end":{"line":16,"column":24}},"5":{"start":{"line":18,"column":0},"end":{"line":18,"column":34}},"6":{"start":{"line":20,"column":0},"end":{"line":31,"column":1}},"7":{"start":{"line":21,"column":20},"end":{"line":21,"column":34}},"8":{"start":{"line":22,"column":2},"end":{"line":22,"column":66}},"9":{"start":{"line":24,"column":2},"end":{"line":26,"column":4}},"10":{"start":{"line":25,"column":4},"end":{"line":25,"column":75}},"11":{"start":{"line":28,"column":2},"end":{"line":30,"column":5}},"12":{"start":{"line":29,"column":4},"end":{"line":29,"column":35}},"13":{"start":{"line":33,"column":0},"end":{"line":33,"column":18}},"14":{"start":{"line":34,"column":0},"end":{"line":34,"column":22}}},"fnMap":{"0":{"name":"(anonymous_0)","decl":{"start":{"line":24,"column":15},"end":{"line":24,"column":16}},"loc":{"start":{"line":25,"column":4},"end":{"line":25,"column":75}},"line":25},"1":{"name":"(anonymous_1)","decl":{"start":{"line":28,"column":15},"end":{"line":28,"column":16}},"loc":{"start":{"line":28,"column":29},"end":{"line":30,"column":3}},"line":28}},"branchMap":{"0":{"loc":{"start":{"line":20,"column":0},"end":{"line":31,"column":1}},"type":"if","locations":[{"start":{"line":20,"column":0},"end":{"line":31,"column":1}},{"start":{"line":27,"column":7},"end":{"line":31,"column":1}}],"line":20}},"s":{"0":2,"1":2,"2":2,"3":2,"4":2,"5":2,"6":2,"7":0,"8":0,"9":0,"10":0,"11":2,"12":1,"13":2,"14":2},"f":{"0":0,"1":1},"b":{"0":[0,2]},"_coverageSchema":"1a1c01bbd47fc00a2c39e90264f33305004495a9","hash":"51263ac26eec8bc4a1f2ebf9ed539c9fe0f2cae2"}
,"C:\\Users\\kuros\\local_dev\\full-stack-basic\\mysql-express-react-nodejs-auth\\backend\\controllers\\userController.js": {"path":"C:\\Users\\kuros\\local_dev\\full-stack-basic\\mysql-express-react-nodejs-auth\\backend\\controllers\\userController.js","statementMap":{"0":{"start":{"line":14,"column":24},"end":{"line":32,"column":2}},"1":{"start":{"line":15,"column":30},"end":{"line":15,"column":38}},"2":{"start":{"line":17,"column":15},"end":{"line":17,"column":47}},"3":{"start":{"line":18,"column":2},"end":{"line":18,"column":66}},"4":{"start":{"line":20,"column":2},"end":{"line":31,"column":3}},"5":{"start":{"line":21,"column":4},"end":{"line":21,"column":32}},"6":{"start":{"line":23,"column":4},"end":{"line":27,"column":7}},"7":{"start":{"line":29,"column":4},"end":{"line":29,"column":20}},"8":{"start":{"line":30,"column":4},"end":{"line":30,"column":49}},"9":{"start":{"line":37,"column":28},"end":{"line":61,"column":2}},"10":{"start":{"line":38,"column":36},"end":{"line":38,"column":44}},"11":{"start":{"line":40,"column":21},"end":{"line":40,"column":48}},"12":{"start":{"line":42,"column":2},"end":{"line":45,"column":3}},"13":{"start":{"line":43,"column":4},"end":{"line":43,"column":20}},"14":{"start":{"line":44,"column":4},"end":{"line":44,"column":43}},"15":{"start":{"line":47,"column":15},"end":{"line":47,"column":58}},"16":{"start":{"line":49,"column":2},"end":{"line":60,"column":3}},"17":{"start":{"line":50,"column":4},"end":{"line":50,"column":32}},"18":{"start":{"line":52,"column":4},"end":{"line":56,"column":7}},"19":{"start":{"line":58,"column":4},"end":{"line":58,"column":20}},"20":{"start":{"line":59,"column":4},"end":{"line":59,"column":41}},"21":{"start":{"line":66,"column":26},"end":{"line":72,"column":1}},"22":{"start":{"line":67,"column":2},"end":{"line":70,"column":5}},"23":{"start":{"line":71,"column":2},"end":{"line":71,"column":63}},"24":{"start":{"line":77,"column":30},"end":{"line":90,"column":2}},"25":{"start":{"line":78,"column":15},"end":{"line":78,"column":45}},"26":{"start":{"line":80,"column":2},"end":{"line":89,"column":3}},"27":{"start":{"line":81,"column":4},"end":{"line":85,"column":7}},"28":{"start":{"line":87,"column":4},"end":{"line":87,"column":20}},"29":{"start":{"line":88,"column":4},"end":{"line":88,"column":38}},"30":{"start":{"line":95,"column":33},"end":{"line":115,"column":2}},"31":{"start":{"line":96,"column":15},"end":{"line":96,"column":45}},"32":{"start":{"line":98,"column":2},"end":{"line":114,"column":3}},"33":{"start":{"line":99,"column":4},"end":{"line":99,"column":43}},"34":{"start":{"line":100,"column":4},"end":{"line":100,"column":46}},"35":{"start":{"line":102,"column":4},"end":{"line":104,"column":5}},"36":{"start":{"line":103,"column":6},"end":{"line":103,"column":66}},"37":{"start":{"line":106,"column":4},"end":{"line":110,"column":7}},"38":{"start":{"line":112,"column":4},"end":{"line":112,"column":20}},"39":{"start":{"line":113,"column":4},"end":{"line":113,"column":38}}},"fnMap":{"0":{"name":"(anonymous_0)","decl":{"start":{"line":14,"column":37},"end":{"line":14,"column":38}},"loc":{"start":{"line":14,"column":57},"end":{"line":32,"column":1}},"line":14},"1":{"name":"(anonymous_1)","decl":{"start":{"line":37,"column":41},"end":{"line":37,"column":42}},"loc":{"start":{"line":37,"column":61},"end":{"line":61,"column":1}},"line":37},"2":{"name":"(anonymous_2)","decl":{"start":{"line":66,"column":26},"end":{"line":66,"column":27}},"loc":{"start":{"line":66,"column":40},"end":{"line":72,"column":1}},"line":66},"3":{"name":"(anonymous_3)","decl":{"start":{"line":77,"column":43},"end":{"line":77,"column":44}},"loc":{"start":{"line":77,"column":63},"end":{"line":90,"column":1}},"line":77},"4":{"name":"(anonymous_4)","decl":{"start":{"line":95,"column":46},"end":{"line":95,"column":47}},"loc":{"start":{"line":95,"column":66},"end":{"line":115,"column":1}},"line":95}},"branchMap":{"0":{"loc":{"start":{"line":20,"column":2},"end":{"line":31,"column":3}},"type":"if","locations":[{"start":{"line":20,"column":2},"end":{"line":31,"column":3}},{"start":{"line":28,"column":9},"end":{"line":31,"column":3}}],"line":20},"1":{"loc":{"start":{"line":42,"column":2},"end":{"line":45,"column":3}},"type":"if","locations":[{"start":{"line":42,"column":2},"end":{"line":45,"column":3}},{"start":{},"end":{}}],"line":42},"2":{"loc":{"start":{"line":49,"column":2},"end":{"line":60,"column":3}},"type":"if","locations":[{"start":{"line":49,"column":2},"end":{"line":60,"column":3}},{"start":{"line":57,"column":9},"end":{"line":60,"column":3}}],"line":49},"3":{"loc":{"start":{"line":80,"column":2},"end":{"line":89,"column":3}},"type":"if","locations":[{"start":{"line":80,"column":2},"end":{"line":89,"column":3}},{"start":{"line":86,"column":9},"end":{"line":89,"column":3}}],"line":80},"4":{"loc":{"start":{"line":98,"column":2},"end":{"line":114,"column":3}},"type":"if","locations":[{"start":{"line":98,"column":2},"end":{"line":114,"column":3}},{"start":{"line":111,"column":9},"end":{"line":114,"column":3}}],"line":98},"5":{"loc":{"start":{"line":99,"column":16},"end":{"line":99,"column":42}},"type":"binary-expr","locations":[{"start":{"line":99,"column":16},"end":{"line":99,"column":29}},{"start":{"line":99,"column":33},"end":{"line":99,"column":42}}],"line":99},"6":{"loc":{"start":{"line":100,"column":17},"end":{"line":100,"column":45}},"type":"binary-expr","locations":[{"start":{"line":100,"column":17},"end":{"line":100,"column":31}},{"start":{"line":100,"column":35},"end":{"line":100,"column":45}}],"line":100},"7":{"loc":{"start":{"line":102,"column":4},"end":{"line":104,"column":5}},"type":"if","locations":[{"start":{"line":102,"column":4},"end":{"line":104,"column":5}},{"start":{},"end":{}}],"line":102}},"s":{"0":2,"1":1,"2":1,"3":1,"4":1,"5":1,"6":1,"7":0,"8":0,"9":2,"10":0,"11":0,"12":0,"13":0,"14":0,"15":0,"16":0,"17":0,"18":0,"19":0,"20":0,"21":2,"22":0,"23":0,"24":2,"25":0,"26":0,"27":0,"28":0,"29":0,"30":2,"31":0,"32":0,"33":0,"34":0,"35":0,"36":0,"37":0,"38":0,"39":0},"f":{"0":1,"1":0,"2":0,"3":0,"4":0},"b":{"0":[1,0],"1":[0,0],"2":[0,0],"3":[0,0],"4":[0,0],"5":[0,0],"6":[0,0],"7":[0,0]},"_coverageSchema":"1a1c01bbd47fc00a2c39e90264f33305004495a9","hash":"e278ef841cb5b0b239373afe66d0f4dad935edfe"}
,"C:\\Users\\kuros\\local_dev\\full-stack-basic\\mysql-express-react-nodejs-auth\\backend\\database\\prisma\\prismaClient.js": {"path":"C:\\Users\\kuros\\local_dev\\full-stack-basic\\mysql-express-react-nodejs-auth\\backend\\database\\prisma\\prismaClient.js","statementMap":{"0":{"start":{"line":7,"column":0},"end":{"line":9,"column":1}},"1":{"start":{"line":8,"column":4},"end":{"line":8,"column":37}},"2":{"start":{"line":11,"column":0},"end":{"line":11,"column":17}}},"fnMap":{},"branchMap":{"0":{"loc":{"start":{"line":7,"column":0},"end":{"line":9,"column":1}},"type":"if","locations":[{"start":{"line":7,"column":0},"end":{"line":9,"column":1}},{"start":{},"end":{}}],"line":7}},"s":{"0":2,"1":2,"2":2},"f":{},"b":{"0":[2,0]},"_coverageSchema":"1a1c01bbd47fc00a2c39e90264f33305004495a9","hash":"5847ffb693661f078d4d48be4da240f61fc91cbe"}
,"C:\\Users\\kuros\\local_dev\\full-stack-basic\\mysql-express-react-nodejs-auth\\backend\\middleware\\authMiddleware.js": {"path":"C:\\Users\\kuros\\local_dev\\full-stack-basic\\mysql-express-react-nodejs-auth\\backend\\middleware\\authMiddleware.js","statementMap":{"0":{"start":{"line":5,"column":16},"end":{"line":30,"column":2}},"1":{"start":{"line":8,"column":2},"end":{"line":8,"column":26}},"2":{"start":{"line":9,"column":2},"end":{"line":9,"column":67}},"3":{"start":{"line":11,"column":2},"end":{"line":29,"column":3}},"4":{"start":{"line":12,"column":4},"end":{"line":25,"column":5}},"5":{"start":{"line":13,"column":22},"end":{"line":13,"column":79}},"6":{"start":{"line":14,"column":6},"end":{"line":14,"column":31}},"7":{"start":{"line":15,"column":19},"end":{"line":15,"column":78}},"8":{"start":{"line":16,"column":6},"end":{"line":16,"column":28}},"9":{"start":{"line":17,"column":51},"end":{"line":17,"column":55}},"10":{"start":{"line":18,"column":6},"end":{"line":18,"column":51}},"11":{"start":{"line":20,"column":6},"end":{"line":20,"column":13}},"12":{"start":{"line":22,"column":6},"end":{"line":22,"column":27}},"13":{"start":{"line":23,"column":6},"end":{"line":23,"column":22}},"14":{"start":{"line":24,"column":6},"end":{"line":24,"column":54}},"15":{"start":{"line":27,"column":4},"end":{"line":27,"column":20}},"16":{"start":{"line":28,"column":4},"end":{"line":28,"column":48}}},"fnMap":{"0":{"name":"(anonymous_0)","decl":{"start":{"line":5,"column":29},"end":{"line":5,"column":30}},"loc":{"start":{"line":5,"column":55},"end":{"line":30,"column":1}},"line":5}},"branchMap":{"0":{"loc":{"start":{"line":11,"column":2},"end":{"line":29,"column":3}},"type":"if","locations":[{"start":{"line":11,"column":2},"end":{"line":29,"column":3}},{"start":{"line":26,"column":9},"end":{"line":29,"column":3}}],"line":11},"1":{"loc":{"start":{"line":13,"column":40},"end":{"line":13,"column":78}},"type":"binary-expr","locations":[{"start":{"line":13,"column":40},"end":{"line":13,"column":62}},{"start":{"line":13,"column":66},"end":{"line":13,"column":78}}],"line":13},"2":{"loc":{"start":{"line":18,"column":17},"end":{"line":18,"column":50}},"type":"cond-expr","locations":[{"start":{"line":18,"column":24},"end":{"line":18,"column":43}},{"start":{"line":18,"column":46},"end":{"line":18,"column":50}}],"line":18}},"s":{"0":2,"1":0,"2":0,"3":0,"4":0,"5":0,"6":0,"7":0,"8":0,"9":0,"10":0,"11":0,"12":0,"13":0,"14":0,"15":0,"16":0},"f":{"0":0},"b":{"0":[0,0],"1":[0,0],"2":[0,0]},"_coverageSchema":"1a1c01bbd47fc00a2c39e90264f33305004495a9","hash":"6e8efb9272b4da26feb699950e6c24db35b4140e"}
,"C:\\Users\\kuros\\local_dev\\full-stack-basic\\mysql-express-react-nodejs-auth\\backend\\middleware\\errorMiddleware.js": {"path":"C:\\Users\\kuros\\local_dev\\full-stack-basic\\mysql-express-react-nodejs-auth\\backend\\middleware\\errorMiddleware.js","statementMap":{"0":{"start":{"line":1,"column":17},"end":{"line":5,"column":1}},"1":{"start":{"line":2,"column":16},"end":{"line":2,"column":59}},"2":{"start":{"line":3,"column":2},"end":{"line":3,"column":18}},"3":{"start":{"line":4,"column":2},"end":{"line":4,"column":14}},"4":{"start":{"line":7,"column":21},"end":{"line":21,"column":1}},"5":{"start":{"line":8,"column":19},"end":{"line":8,"column":64}},"6":{"start":{"line":9,"column":16},"end":{"line":9,"column":27}},"7":{"start":{"line":12,"column":2},"end":{"line":15,"column":3}},"8":{"start":{"line":13,"column":4},"end":{"line":13,"column":21}},"9":{"start":{"line":14,"column":4},"end":{"line":14,"column":35}},"10":{"start":{"line":17,"column":2},"end":{"line":20,"column":5}}},"fnMap":{"0":{"name":"(anonymous_0)","decl":{"start":{"line":1,"column":17},"end":{"line":1,"column":18}},"loc":{"start":{"line":1,"column":37},"end":{"line":5,"column":1}},"line":1},"1":{"name":"(anonymous_1)","decl":{"start":{"line":7,"column":21},"end":{"line":7,"column":22}},"loc":{"start":{"line":7,"column":46},"end":{"line":21,"column":1}},"line":7}},"branchMap":{"0":{"loc":{"start":{"line":8,"column":19},"end":{"line":8,"column":64}},"type":"cond-expr","locations":[{"start":{"line":8,"column":44},"end":{"line":8,"column":47}},{"start":{"line":8,"column":50},"end":{"line":8,"column":64}}],"line":8},"1":{"loc":{"start":{"line":12,"column":2},"end":{"line":15,"column":3}},"type":"if","locations":[{"start":{"line":12,"column":2},"end":{"line":15,"column":3}},{"start":{},"end":{}}],"line":12},"2":{"loc":{"start":{"line":12,"column":6},"end":{"line":12,"column":57}},"type":"binary-expr","locations":[{"start":{"line":12,"column":6},"end":{"line":12,"column":30}},{"start":{"line":12,"column":34},"end":{"line":12,"column":57}}],"line":12},"3":{"loc":{"start":{"line":19,"column":11},"end":{"line":19,"column":67}},"type":"cond-expr","locations":[{"start":{"line":19,"column":51},"end":{"line":19,"column":55}},{"start":{"line":19,"column":58},"end":{"line":19,"column":67}}],"line":19}},"s":{"0":2,"1":0,"2":0,"3":0,"4":2,"5":0,"6":0,"7":0,"8":0,"9":0,"10":0},"f":{"0":0,"1":0},"b":{"0":[0,0],"1":[0,0],"2":[0,0],"3":[0,0]},"_coverageSchema":"1a1c01bbd47fc00a2c39e90264f33305004495a9","hash":"bcbc2c6506ca001a2f02167559674840a5c55700"}
,"C:\\Users\\kuros\\local_dev\\full-stack-basic\\mysql-express-react-nodejs-auth\\backend\\models\\userModel.js": {"path":"C:\\Users\\kuros\\local_dev\\full-stack-basic\\mysql-express-react-nodejs-auth\\backend\\models\\userModel.js","statementMap":{"0":{"start":{"line":6,"column":26},"end":{"line":13,"column":1}},"1":{"start":{"line":7,"column":27},"end":{"line":7,"column":55}},"2":{"start":{"line":8,"column":20},"end":{"line":10,"column":6}},"3":{"start":{"line":12,"column":4},"end":{"line":12,"column":19}},"4":{"start":{"line":15,"column":30},"end":{"line":18,"column":1}},"5":{"start":{"line":16,"column":17},"end":{"line":16,"column":63}},"6":{"start":{"line":17,"column":4},"end":{"line":17,"column":44}},"7":{"start":{"line":20,"column":25},"end":{"line":34,"column":1}},"8":{"start":{"line":21,"column":17},"end":{"line":21,"column":63}},"9":{"start":{"line":23,"column":4},"end":{"line":25,"column":5}},"10":{"start":{"line":24,"column":8},"end":{"line":24,"column":47}},"11":{"start":{"line":26,"column":4},"end":{"line":26,"column":72}},"12":{"start":{"line":28,"column":30},"end":{"line":28,"column":75}},"13":{"start":{"line":29,"column":4},"end":{"line":31,"column":5}},"14":{"start":{"line":30,"column":8},"end":{"line":30,"column":49}},"15":{"start":{"line":33,"column":4},"end":{"line":33,"column":16}},"16":{"start":{"line":36,"column":27},"end":{"line":39,"column":1}},"17":{"start":{"line":37,"column":17},"end":{"line":37,"column":60}},"18":{"start":{"line":38,"column":4},"end":{"line":38,"column":44}},"19":{"start":{"line":41,"column":34},"end":{"line":45,"column":1}},"20":{"start":{"line":42,"column":27},"end":{"line":42,"column":58}},"21":{"start":{"line":43,"column":17},"end":{"line":43,"column":92}},"22":{"start":{"line":44,"column":4},"end":{"line":44,"column":44}},"23":{"start":{"line":47,"column":21},"end":{"line":49,"column":1}},"24":{"start":{"line":48,"column":4},"end":{"line":48,"column":43}},"25":{"start":{"line":51,"column":21},"end":{"line":54,"column":1}},"26":{"start":{"line":52,"column":49},"end":{"line":52,"column":53}},"27":{"start":{"line":53,"column":4},"end":{"line":53,"column":31}}},"fnMap":{"0":{"name":"(anonymous_0)","decl":{"start":{"line":6,"column":26},"end":{"line":6,"column":27}},"loc":{"start":{"line":6,"column":72},"end":{"line":13,"column":1}},"line":6},"1":{"name":"(anonymous_1)","decl":{"start":{"line":15,"column":30},"end":{"line":15,"column":31}},"loc":{"start":{"line":15,"column":47},"end":{"line":18,"column":1}},"line":15},"2":{"name":"(anonymous_2)","decl":{"start":{"line":20,"column":25},"end":{"line":20,"column":26}},"loc":{"start":{"line":20,"column":52},"end":{"line":34,"column":1}},"line":20},"3":{"name":"(anonymous_3)","decl":{"start":{"line":36,"column":27},"end":{"line":36,"column":28}},"loc":{"start":{"line":36,"column":41},"end":{"line":39,"column":1}},"line":36},"4":{"name":"(anonymous_4)","decl":{"start":{"line":41,"column":34},"end":{"line":41,"column":35}},"loc":{"start":{"line":41,"column":61},"end":{"line":45,"column":1}},"line":41},"5":{"name":"(anonymous_5)","decl":{"start":{"line":47,"column":21},"end":{"line":47,"column":22}},"loc":{"start":{"line":47,"column":41},"end":{"line":49,"column":1}},"line":47},"6":{"name":"(anonymous_6)","decl":{"start":{"line":51,"column":21},"end":{"line":51,"column":22}},"loc":{"start":{"line":51,"column":31},"end":{"line":54,"column":1}},"line":51}},"branchMap":{"0":{"loc":{"start":{"line":17,"column":11},"end":{"line":17,"column":43}},"type":"cond-expr","locations":[{"start":{"line":17,"column":18},"end":{"line":17,"column":36}},{"start":{"line":17,"column":39},"end":{"line":17,"column":43}}],"line":17},"1":{"loc":{"start":{"line":23,"column":4},"end":{"line":25,"column":5}},"type":"if","locations":[{"start":{"line":23,"column":4},"end":{"line":25,"column":5}},{"start":{},"end":{}}],"line":23},"2":{"loc":{"start":{"line":29,"column":4},"end":{"line":31,"column":5}},"type":"if","locations":[{"start":{"line":29,"column":4},"end":{"line":31,"column":5}},{"start":{},"end":{}}],"line":29},"3":{"loc":{"start":{"line":38,"column":11},"end":{"line":38,"column":43}},"type":"cond-expr","locations":[{"start":{"line":38,"column":18},"end":{"line":38,"column":36}},{"start":{"line":38,"column":39},"end":{"line":38,"column":43}}],"line":38},"4":{"loc":{"start":{"line":44,"column":11},"end":{"line":44,"column":43}},"type":"cond-expr","locations":[{"start":{"line":44,"column":18},"end":{"line":44,"column":36}},{"start":{"line":44,"column":39},"end":{"line":44,"column":43}}],"line":44}},"s":{"0":2,"1":1,"2":1,"3":1,"4":2,"5":0,"6":0,"7":2,"8":1,"9":1,"10":0,"11":1,"12":1,"13":1,"14":0,"15":1,"16":2,"17":0,"18":0,"19":2,"20":0,"21":0,"22":0,"23":2,"24":1,"25":2,"26":0,"27":0},"f":{"0":1,"1":0,"2":1,"3":0,"4":0,"5":1,"6":0},"b":{"0":[0,0],"1":[0,1],"2":[0,1],"3":[0,0],"4":[0,0]},"_coverageSchema":"1a1c01bbd47fc00a2c39e90264f33305004495a9","hash":"b67b337487ad9d512cd5d71abca58e3d5e1b3ed0"}
,"C:\\Users\\kuros\\local_dev\\full-stack-basic\\mysql-express-react-nodejs-auth\\backend\\routes\\userRoutes.js": {"path":"C:\\Users\\kuros\\local_dev\\full-stack-basic\\mysql-express-react-nodejs-auth\\backend\\routes\\userRoutes.js","statementMap":{"0":{"start":{"line":11,"column":15},"end":{"line":11,"column":31}},"1":{"start":{"line":13,"column":0},"end":{"line":13,"column":31}},"2":{"start":{"line":14,"column":0},"end":{"line":14,"column":31}},"3":{"start":{"line":15,"column":0},"end":{"line":15,"column":35}},"4":{"start":{"line":16,"column":0},"end":{"line":19,"column":35}}},"fnMap":{},"branchMap":{},"s":{"0":2,"1":2,"2":2,"3":2,"4":2},"f":{},"b":{},"_coverageSchema":"1a1c01bbd47fc00a2c39e90264f33305004495a9","hash":"8be8c39623d9a18aef952c772beb093bdd45f6bd"}
,"C:\\Users\\kuros\\local_dev\\full-stack-basic\\mysql-express-react-nodejs-auth\\backend\\utils\\generateToken.js": {"path":"C:\\Users\\kuros\\local_dev\\full-stack-basic\\mysql-express-react-nodejs-auth\\backend\\utils\\generateToken.js","statementMap":{"0":{"start":{"line":3,"column":22},"end":{"line":14,"column":1}},"1":{"start":{"line":4,"column":16},"end":{"line":6,"column":4}},"2":{"start":{"line":8,"column":2},"end":{"line":13,"column":5}}},"fnMap":{"0":{"name":"(anonymous_0)","decl":{"start":{"line":3,"column":22},"end":{"line":3,"column":23}},"loc":{"start":{"line":3,"column":39},"end":{"line":14,"column":1}},"line":3}},"branchMap":{"0":{"loc":{"start":{"line":4,"column":37},"end":{"line":4,"column":75}},"type":"binary-expr","locations":[{"start":{"line":4,"column":37},"end":{"line":4,"column":59}},{"start":{"line":4,"column":63},"end":{"line":4,"column":75}}],"line":4}},"s":{"0":2,"1":1,"2":1},"f":{"0":1},"b":{"0":[1,0]},"_coverageSchema":"1a1c01bbd47fc00a2c39e90264f33305004495a9","hash":"b9ac8efb7f28d08b8d42d98e6836c603f3317154"}
}
